<?xml version="1.0" encoding="UTF-8"?>
<!-- Generated by org.testng.reporters.JUnitXMLReporter -->
<testsuite ignored="0" hostname="DESKTOP-VUHI299" failures="1" tests="6" name="Create Booking Test - Apply Discount" time="0.009" errors="0" timestamp="2022-07-28T14:14:57 EDT">
  <testcase classname="bookingdemo.BookingSearch" name="search_hotel" time="0.001"/>
  <testcase classname="bookingdemo.BookingSearch" name="select_hotel" time="0.0"/>
  <testcase classname="bookingdemo.BookingSearch" name="enterGuestInfo" time="0.001"/>
  <testcase classname="bookingdemo.PaymentManager" name="apply_discount" time="0.0"/>
  <testcase classname="bookingdemo.PaymentManager" name="make_payment" time="0.0">
    <failure type="org.testng.TestNGException" message="
Parameter &amp;apos;action&amp;apos; is required by @Test on method make_payment but has not been marked @Optional or defined
in D:\JavaSeleniumExamples\TestNgDataDrivenFramework\bookingtestng.xml">
      <![CDATA[org.testng.TestNGException: 
Parameter 'action' is required by @Test on method make_payment but has not been marked @Optional or defined
in D:\JavaSeleniumExamples\TestNgDataDrivenFramework\bookingtestng.xml
at java.base/java.util.ArrayList.forEach(ArrayList.java:1511)
... Removed 26 stack frames]]>
    </failure>
  </testcase> <!-- make_payment -->
  <testcase classname="bookingdemo.CustomerCommunications" name="check_email" time="0.0"/>
</testsuite> <!-- Create Booking Test - Apply Discount -->
